<?xml version="1.0" encoding="UTF-8"?>
<testng-results ignored="0" total="3" passed="2" failed="1" skipped="0">
  <reporter-output>
    <line>
      <![CDATA[KTM Page is  Displayed..]]>
    </line>
    <line>
      <![CDATA[TVS Motorcycle Page is  Displayed..]]>
    </line>
  </reporter-output>
  <suite started-at="2024-05-02T12:24:50 IST" name="Suite" finished-at="2024-05-02T12:25:25 IST" duration-ms="34948">
    <groups>
    </groups>
    <test started-at="2024-05-02T12:24:50 IST" name="Test" finished-at="2024-05-02T12:25:25 IST" duration-ms="34948">
      <class name="testScripts.TestCase01">
        <test-method signature="ktmTestCase()[pri:0, instance:testScripts.TestCase01@7e5afaa6]" started-at="2024-05-02T12:24:50 IST" name="ktmTestCase" finished-at="2024-05-02T12:25:01 IST" duration-ms="10765" status="PASS">
          <reporter-output>
            <line>
              <![CDATA[KTM Page is  Displayed..]]>
            </line>
          </reporter-output>
        </test-method> <!-- ktmTestCase -->
      </class> <!-- testScripts.TestCase01 -->
      <class name="testScripts.TestCase02">
        <test-method signature="ktmTestCase()[pri:0, instance:testScripts.TestCase02@47faa49c]" started-at="2024-05-02T12:25:01 IST" name="ktmTestCase" finished-at="2024-05-02T12:25:14 IST" duration-ms="13109" status="FAIL">
          <exception class="java.lang.AssertionError">
            <message>
              <![CDATA[Jawa Page is Not Displayed.. expected [Jawa Perak Price, Colors, Mileage, Specifications | JAWA Motorcycles] but found [JAWA Motorcycle Company Official Website | JAWA Motorcycles India]]]>
            </message>
            <full-stacktrace>
              <![CDATA[java.lang.AssertionError: Jawa Page is Not Displayed.. expected [Jawa Perak Price, Colors, Mileage, Specifications | JAWA Motorcycles] but found [JAWA Motorcycle Company Official Website | JAWA Motorcycles India]
at org.testng.Assert.fail(Assert.java:99)
at org.testng.Assert.failNotEquals(Assert.java:1037)
at org.testng.Assert.assertEqualsImpl(Assert.java:140)
at org.testng.Assert.assertEquals(Assert.java:122)
at org.testng.Assert.assertEquals(Assert.java:629)
at testScripts.TestCase02.ktmTestCase(TestCase02.java:21)
at java.base/jdk.internal.reflect.NativeMethodAccessorImpl.invoke0(Native Method)
at java.base/jdk.internal.reflect.NativeMethodAccessorImpl.invoke(NativeMethodAccessorImpl.java:77)
at java.base/jdk.internal.reflect.DelegatingMethodAccessorImpl.invoke(DelegatingMethodAccessorImpl.java:43)
at java.base/java.lang.reflect.Method.invoke(Method.java:568)
at org.testng.internal.MethodInvocationHelper.invokeMethod(MethodInvocationHelper.java:133)
at org.testng.internal.TestInvoker.invokeMethod(TestInvoker.java:598)
at org.testng.internal.TestInvoker.invokeTestMethod(TestInvoker.java:173)
at org.testng.internal.MethodRunner.runInSequence(MethodRunner.java:46)
at org.testng.internal.TestInvoker$MethodInvocationAgent.invoke(TestInvoker.java:824)
at org.testng.internal.TestInvoker.invokeTestMethods(TestInvoker.java:146)
at org.testng.internal.TestMethodWorker.invokeTestMethods(TestMethodWorker.java:146)
at org.testng.internal.TestMethodWorker.run(TestMethodWorker.java:128)
at java.base/java.util.ArrayList.forEach(ArrayList.java:1511)
at org.testng.TestRunner.privateRun(TestRunner.java:794)
at org.testng.TestRunner.run(TestRunner.java:596)
at org.testng.SuiteRunner.runTest(SuiteRunner.java:377)
at org.testng.SuiteRunner.runSequentially(SuiteRunner.java:371)
at org.testng.SuiteRunner.privateRun(SuiteRunner.java:332)
at org.testng.SuiteRunner.run(SuiteRunner.java:276)
at org.testng.SuiteRunnerWorker.runSuite(SuiteRunnerWorker.java:53)
at org.testng.SuiteRunnerWorker.run(SuiteRunnerWorker.java:96)
at org.testng.TestNG.runSuitesSequentially(TestNG.java:1212)
at org.testng.TestNG.runSuitesLocally(TestNG.java:1134)
at org.testng.TestNG.runSuites(TestNG.java:1063)
at org.testng.TestNG.run(TestNG.java:1031)
at org.testng.remote.AbstractRemoteTestNG.run(AbstractRemoteTestNG.java:115)
at org.testng.remote.RemoteTestNG.initAndRun(RemoteTestNG.java:251)
at org.testng.remote.RemoteTestNG.main(RemoteTestNG.java:77)
]]>
            </full-stacktrace>
          </exception> <!-- java.lang.AssertionError -->
          <reporter-output>
          </reporter-output>
        </test-method> <!-- ktmTestCase -->
      </class> <!-- testScripts.TestCase02 -->
      <class name="testScripts.TestCase03">
        <test-method signature="ktmTestCase()[pri:0, instance:testScripts.TestCase03@28f2a10f]" started-at="2024-05-02T12:25:14 IST" name="ktmTestCase" finished-at="2024-05-02T12:25:25 IST" duration-ms="10995" status="PASS">
          <reporter-output>
            <line>
              <![CDATA[TVS Motorcycle Page is  Displayed..]]>
            </line>
          </reporter-output>
        </test-method> <!-- ktmTestCase -->
      </class> <!-- testScripts.TestCase03 -->
    </test> <!-- Test -->
  </suite> <!-- Suite -->
</testng-results>
